<?xml version="1.0" encoding="UTF-8"?>
<testng-results ignored="0" total="2" passed="2" failed="0" skipped="0">
  <reporter-output>
  </reporter-output>
  <suite started-at="2024-06-24T23:30:02 IST" name="Suite" finished-at="2024-06-24T23:30:42 IST" duration-ms="39815">
    <groups>
      <group name="Sanity">
        <method signature="TC_01_AccountRegistrationPage.verify_accoun_registation()[pri:0, instance:testCases.TC_01_AccountRegistrationPage@2002348]" name="verify_accoun_registation" class="testCases.TC_01_AccountRegistrationPage"/>
      </group> <!-- Sanity -->
      <group name="Regression">
        <method signature="TC_002_LoginTest.verify_login()[pri:0, instance:testCases.TC_002_LoginTest@294e5088]" name="verify_login" class="testCases.TC_002_LoginTest"/>
      </group> <!-- Regression -->
    </groups>
    <test started-at="2024-06-24T23:30:02 IST" name="Chrome" finished-at="2024-06-24T23:30:42 IST" duration-ms="39815">
      <class name="testCases.TC_002_LoginTest">
        <test-method is-config="true" signature="setup(java.lang.String,java.lang.String)[pri:0, instance:testCases.TC_002_LoginTest@294e5088]" started-at="2024-06-24T23:30:02 IST" name="setup" finished-at="2024-06-24T23:30:22 IST" duration-ms="19333" status="PASS">
          <params>
            <param index="0">
              <value>
                <![CDATA[chrome]]>
              </value>
            </param>
            <param index="1">
              <value>
                <![CDATA[windows]]>
              </value>
            </param>
          </params>
          <reporter-output>
          </reporter-output>
        </test-method> <!-- setup -->
        <test-method signature="verify_login()[pri:0, instance:testCases.TC_002_LoginTest@294e5088]" started-at="2024-06-24T23:30:22 IST" name="verify_login" finished-at="2024-06-24T23:30:27 IST" duration-ms="5402" status="PASS">
          <reporter-output>
          </reporter-output>
        </test-method> <!-- verify_login -->
        <test-method is-config="true" signature="tearDown()[pri:0, instance:testCases.TC_002_LoginTest@294e5088]" started-at="2024-06-24T23:30:27 IST" name="tearDown" finished-at="2024-06-24T23:30:28 IST" duration-ms="576" status="PASS">
          <reporter-output>
          </reporter-output>
        </test-method> <!-- tearDown -->
      </class> <!-- testCases.TC_002_LoginTest -->
      <class name="testCases.TC_01_AccountRegistrationPage">
        <test-method is-config="true" signature="setup(java.lang.String,java.lang.String)[pri:0, instance:testCases.TC_01_AccountRegistrationPage@2002348]" started-at="2024-06-24T23:30:28 IST" name="setup" finished-at="2024-06-24T23:30:37 IST" duration-ms="8671" status="PASS">
          <params>
            <param index="0">
              <value>
                <![CDATA[chrome]]>
              </value>
            </param>
            <param index="1">
              <value>
                <![CDATA[windows]]>
              </value>
            </param>
          </params>
          <reporter-output>
          </reporter-output>
        </test-method> <!-- setup -->
        <test-method signature="verify_accoun_registation()[pri:0, instance:testCases.TC_01_AccountRegistrationPage@2002348]" started-at="2024-06-24T23:30:37 IST" name="verify_accoun_registation" finished-at="2024-06-24T23:30:42 IST" duration-ms="4974" status="PASS">
          <reporter-output>
          </reporter-output>
        </test-method> <!-- verify_accoun_registation -->
        <test-method is-config="true" signature="tearDown()[pri:0, instance:testCases.TC_01_AccountRegistrationPage@2002348]" started-at="2024-06-24T23:30:42 IST" name="tearDown" finished-at="2024-06-24T23:30:42 IST" duration-ms="693" status="PASS">
          <reporter-output>
          </reporter-output>
        </test-method> <!-- tearDown -->
      </class> <!-- testCases.TC_01_AccountRegistrationPage -->
    </test> <!-- Chrome -->
  </suite> <!-- Suite -->
</testng-results>
