<?xml version="1.0" encoding="UTF-8"?>
<testng-results ignored="0" total="2" passed="2" failed="0" skipped="0">
  <reporter-output>
  </reporter-output>
  <suite started-at="2024-06-30T19:00:36 IST" name="Suite" finished-at="2024-06-30T19:01:26 IST" duration-ms="50080">
    <groups>
      <group name="Sanity">
        <method signature="TC_01_AccountRegistrationPage.verify_accoun_registation()[pri:0, instance:testCases.TC_01_AccountRegistrationPage@5cbe877d]" name="verify_accoun_registation" class="testCases.TC_01_AccountRegistrationPage"/>
      </group> <!-- Sanity -->
      <group name="Regression">
        <method signature="TC_002_LoginTest.verify_login()[pri:0, instance:testCases.TC_002_LoginTest@8c11eee]" name="verify_login" class="testCases.TC_002_LoginTest"/>
      </group> <!-- Regression -->
    </groups>
    <test started-at="2024-06-30T19:00:36 IST" name="Chrome" finished-at="2024-06-30T19:01:26 IST" duration-ms="50080">
      <class name="testCases.TC_002_LoginTest">
        <test-method is-config="true" signature="setup(java.lang.String,java.lang.String)[pri:0, instance:testCases.TC_002_LoginTest@8c11eee]" started-at="2024-06-30T19:00:36 IST" name="setup" finished-at="2024-06-30T19:00:53 IST" duration-ms="16961" status="PASS">
          <params>
            <param index="0">
              <value>
                <![CDATA[chrome]]>
              </value>
            </param>
            <param index="1">
              <value>
                <![CDATA[windows]]>
              </value>
            </param>
          </params>
          <reporter-output>
          </reporter-output>
        </test-method> <!-- setup -->
        <test-method signature="verify_login()[pri:0, instance:testCases.TC_002_LoginTest@8c11eee]" started-at="2024-06-30T19:00:53 IST" name="verify_login" finished-at="2024-06-30T19:00:56 IST" duration-ms="3178" status="PASS">
          <reporter-output>
          </reporter-output>
        </test-method> <!-- verify_login -->
        <test-method is-config="true" signature="tearDown()[pri:0, instance:testCases.TC_002_LoginTest@8c11eee]" started-at="2024-06-30T19:00:56 IST" name="tearDown" finished-at="2024-06-30T19:00:57 IST" duration-ms="293" status="PASS">
          <reporter-output>
          </reporter-output>
        </test-method> <!-- tearDown -->
      </class> <!-- testCases.TC_002_LoginTest -->
      <class name="testCases.TC_01_AccountRegistrationPage">
        <test-method is-config="true" signature="setup(java.lang.String,java.lang.String)[pri:0, instance:testCases.TC_01_AccountRegistrationPage@5cbe877d]" started-at="2024-06-30T19:00:57 IST" name="setup" finished-at="2024-06-30T19:01:22 IST" duration-ms="25198" status="PASS">
          <params>
            <param index="0">
              <value>
                <![CDATA[chrome]]>
              </value>
            </param>
            <param index="1">
              <value>
                <![CDATA[windows]]>
              </value>
            </param>
          </params>
          <reporter-output>
          </reporter-output>
        </test-method> <!-- setup -->
        <test-method signature="verify_accoun_registation()[pri:0, instance:testCases.TC_01_AccountRegistrationPage@5cbe877d]" started-at="2024-06-30T19:01:22 IST" name="verify_accoun_registation" finished-at="2024-06-30T19:01:26 IST" duration-ms="3774" status="PASS">
          <reporter-output>
          </reporter-output>
        </test-method> <!-- verify_accoun_registation -->
        <test-method is-config="true" signature="tearDown()[pri:0, instance:testCases.TC_01_AccountRegistrationPage@5cbe877d]" started-at="2024-06-30T19:01:26 IST" name="tearDown" finished-at="2024-06-30T19:01:26 IST" duration-ms="256" status="PASS">
          <reporter-output>
          </reporter-output>
        </test-method> <!-- tearDown -->
      </class> <!-- testCases.TC_01_AccountRegistrationPage -->
    </test> <!-- Chrome -->
  </suite> <!-- Suite -->
</testng-results>
