<?xml version="1.0" encoding="UTF-8"?>
<!-- Generated by org.testng.reporters.JUnitXMLReporter -->
<testsuite ignored="0" hostname="LAPTOP-1JBG6S60" failures="1" tests="1" name="Test" time="11.615" errors="0" timestamp="2024-06-21T15:02:29 IST">
  <testcase classname="testCases.TC_002_LoginTest" name="verify_login" time="1.195">
    <failure type="java.lang.AssertionError" message="null">
      <![CDATA[java.lang.AssertionError: null
at testCases.TC_002_LoginTest.verify_login(TC_002_LoginTest.java:37)
at java.base/java.util.ArrayList.forEach(ArrayList.java:1511)
... Removed 29 stack frames]]>
    </failure>
  </testcase> <!-- verify_login -->
</testsuite> <!-- Test -->
